<?xml version="1.0" encoding="UTF-8"?>
<!-- Generated by org.testng.reporters.JUnitReportReporter -->
<testsuite hostname="Liz" failures="0" tests="3" name="Books" time="3.818" errors="0" timestamp="2021-11-06T21:31:00 ART" skipped="0">
  <testcase classname="Books" name="getBooksList" time="0.858"/>
  <system-out/>
  <testcase classname="Books" name="deleteNonExistentBook_FailMessage" time="0.391"/>
  <system-out/>
  <testcase classname="Books" name="createAndDeletebook" time="2.569"/>
  <system-out/>
</testsuite> <!-- Books -->
