<?xml version="1.0" encoding="UTF-8"?>
<testsuite name="Feature example" tests="1" skipped="0" failures="0" errors="0" timestamp="2021-11-03T16:25:05" hostname="LIZ" time="3.346">
  <properties/>
  <testcase name="To validate that an element is in the response" classname="Feature example" time="3.346"/>
  <system-out><![CDATA[]]></system-out>
  <system-err><![CDATA[]]></system-err>
</testsuite>
