<?xml version="1.0" encoding="UTF-8"?>
<testsuite name="Books" tests="3" skipped="0" failures="0" errors="0" timestamp="2021-11-07T00:30:56" hostname="LIZ" time="3.818">
  <properties/>
  <testcase name="createAndDeletebook" classname="Books" time="2.569"/>
  <testcase name="deleteNonExistentBook_FailMessage" classname="Books" time="0.391"/>
  <testcase name="getBooksList" classname="Books" time="0.858"/>
  <system-out><![CDATA[]]></system-out>
  <system-err><![CDATA[]]></system-err>
</testsuite>
